<?xml version="1.0" encoding="UTF-8" ?>
<testsuites>
<testsuite name="Validate Registration And Login Functionality" errors="0" tests="3" failures="0" time="0.163" timestamp="2021-11-19T23:56:24">
  <testcase classname="Validate Registration And Login Functionality" name="register new user" time="0.084"></testcase>
  <testcase classname="Validate Registration And Login Functionality" name="login user" time="0.066"></testcase>
  <testcase classname="Validate Registration And Login Functionality" name="logout user" time="0.013"></testcase>
</testsuite>
</testsuites>